<?xml version="1.0" encoding="UTF-8"?>
<!-- Generated by org.testng.reporters.JUnitReportReporter -->
<testsuite hostname="DESKTOP-5M1E1J5" failures="0" tests="1" name="pom_testcases.TestCase_03" time="19.496" errors="0" timestamp="2021-07-16T11:32:30 IST" skipped="0">
  <testcase classname="pom_testcases.TestCase_03" name="addNewCustomer" time="19.496"/>
  <system-out/>
</testsuite> <!-- pom_testcases.TestCase_03 -->
