<?xml version="1.0" encoding="UTF-8"?>
<!-- Generated by org.testng.reporters.JUnitReportReporter -->
<testsuite hostname="DESKTOP-5M1E1J5" failures="0" tests="1" name="pom_testcases.TestCase_01" time="8.038" errors="0" timestamp="2021-07-15T22:15:58 IST" skipped="0">
  <testcase classname="pom_testcases.TestCase_01" name="login" time="8.038"/>
  <system-out/>
</testsuite> <!-- pom_testcases.TestCase_01 -->
