<?xml version="1.0" encoding="UTF-8"?>
<!-- Generated by org.testng.reporters.JUnitReportReporter -->
<testsuite hostname="DESKTOP-5M1E1J5" failures="0" tests="1" name="pom_testcases.DummyTest" time="0.025" errors="0" timestamp="2021-07-13T16:02:10 IST" skipped="0">
  <testcase classname="pom_testcases.DummyTest" name="dummy" time="0.025"/>
  <system-out/>
</testsuite> <!-- pom_testcases.DummyTest -->
