<?xml version="1.0" encoding="UTF-8"?>
<!-- Generated by org.testng.reporters.JUnitReportReporter -->
<testsuite hostname="DESKTOP-5M1E1J5" failures="0" tests="1" name="pom_testcases.TestCase_03" time="18.475" errors="0" timestamp="2021-07-17T19:01:30 IST" skipped="0">
  <testcase classname="pom_testcases.TestCase_03" name="addNewCustomer" time="18.475"/>
  <system-out/>
</testsuite> <!-- pom_testcases.TestCase_03 -->
